<?xml version="1.0" encoding="UTF-8"?>
<!-- Generated by org.testng.reporters.JUnitXMLReporter -->
<testsuite ignored="0" hostname="Bhumikas-MacBook-Pro.local" failures="0" tests="4" name="Command line test" time="0.015" errors="0" timestamp="2022-04-11T20:57:55 IST">
  <testcase classname="com.maven.test.HelloTest" name="Sum" time="0.003"/>
  <testcase classname="com.maven.test.HelloTest" name="Subtraction" time="0.0"/>
  <testcase classname="com.maven.test.HelloTest" name="Multiplication" time="0.0"/>
  <testcase classname="com.maven.test.HelloTest" name="Division" time="0.0"/>
</testsuite> <!-- Command line test -->
