<?xml version="1.0" encoding="UTF-8"?>
<testng-results ignored="0" total="4" passed="4" failed="0" skipped="0">
  <reporter-output>
  </reporter-output>
  <suite started-at="2022-04-11T20:57:55 IST" name="com.maven.test.HelloTest" finished-at="2022-04-11T20:57:55 IST" duration-ms="15">
    <groups>
    </groups>
    <test started-at="2022-04-11T20:57:55 IST" name="Command line test" finished-at="2022-04-11T20:57:55 IST" duration-ms="15">
      <class name="com.maven.test.HelloTest">
        <test-method signature="Sum()[pri:1, instance:com.maven.test.HelloTest@4cf4d528]" started-at="2022-04-11T20:57:55 IST" name="Sum" finished-at="2022-04-11T20:57:55 IST" duration-ms="3" status="PASS">
          <reporter-output>
          </reporter-output>
        </test-method> <!-- Sum -->
        <test-method signature="Subtraction()[pri:2, instance:com.maven.test.HelloTest@4cf4d528]" started-at="2022-04-11T20:57:55 IST" name="Subtraction" finished-at="2022-04-11T20:57:55 IST" duration-ms="0" status="PASS">
          <reporter-output>
          </reporter-output>
        </test-method> <!-- Subtraction -->
        <test-method signature="Multiplication()[pri:3, instance:com.maven.test.HelloTest@4cf4d528]" started-at="2022-04-11T20:57:55 IST" name="Multiplication" finished-at="2022-04-11T20:57:55 IST" duration-ms="0" status="PASS">
          <reporter-output>
          </reporter-output>
        </test-method> <!-- Multiplication -->
        <test-method signature="Division()[pri:4, instance:com.maven.test.HelloTest@4cf4d528]" started-at="2022-04-11T20:57:55 IST" name="Division" finished-at="2022-04-11T20:57:55 IST" duration-ms="0" status="PASS">
          <reporter-output>
          </reporter-output>
        </test-method> <!-- Division -->
      </class> <!-- com.maven.test.HelloTest -->
    </test> <!-- Command line test -->
  </suite> <!-- com.maven.test.HelloTest -->
</testng-results>
